----- 6/6/2012 12:54:20 PM: Job 'Dir23': ANALYSIS started by On File Change on computer 'ERISTODDLE-PC' (GoodSync 9.2.1.1 x64 on Windows 7) -----
Dir23: ~Eristoddle\Dropbox\wnmp\www\dir23-lithe (C:\Users\Eristoddle\Dropbox\wnmp\www\dir23-lithe) =forced-NoPropDels=> sftp://www.dir23.com/var/www/dir23-lithe, SavePrevVers, CleanupPrevVers=30d, CleanupOldGens=24m, TmpDest, EstReq, CopyLocked, DetectMovesAndRenames, DetectFolderMoves, FileLinksDrill, Reconnect=3, CopyCreateTime
Exclude *.git|licens*.rfo|cache.rfo|mru.rfo|mpp*.rfo|RoboForm Online Account.rfp|name *._gstmp|/System Volume Information|Thumbs.db|.DS_Store 
Left: Change in: C:\Users\Eristoddle\Dropbox\wnmp\www\dir23-lithe\app\controllers\PostsController.php
Changes: 1, Conflicts: 0, CopyTime: 0, CopyState: 0/829, Errors: 0
Left to Right: Copy File: 1 
All Nodes (Live+Dead): 849
----- 6/6/2012 12:54:20 PM: Analysis Completed. Time 00:00:09, Speed: 94 files/s -----
===== 6/6/2012 12:54:20 PM: Job 'Dir23': SYNC started by On File Change on computer 'ERISTODDLE-PC' =====
Dir23: ~Eristoddle\Dropbox\wnmp\www\dir23-lithe (C:\Users\Eristoddle\Dropbox\wnmp\www\dir23-lithe) =forced-NoPropDels=> sftp://www.dir23.com/var/www/dir23-lithe, SavePrevVers, CleanupPrevVers=30d, CleanupOldGens=24m, TmpDest, EstReq, CopyLocked, DetectMovesAndRenames, DetectFolderMoves, FileLinksDrill, Reconnect=3, CopyCreateTime
Sync State Merge: /.gitignore
Sync State Merge: /.gitmodules
Sync State Merge: /.htaccess
Sync State Merge: /app
Sync State Merge: /app/.htaccess
Sync State Merge: /app/config
Sync State Merge: /app/config/bootstrap
Sync State Merge: /app/config/bootstrap/action.php
Sync State Merge: /app/config/bootstrap/cache.php
Sync State Merge: /app/config/bootstrap/connections.php
Sync State Merge: /app/config/bootstrap/console.php
Sync State Merge: /app/config/bootstrap/errors.php
Sync State Merge: /app/config/bootstrap/g11n.php
Sync State Merge: /app/config/bootstrap/libraries.php
Sync State Merge: /app/config/bootstrap/media.php
Sync State Merge: /app/config/bootstrap/session.php
Sync State Merge: /app/config/bootstrap.php
Sync State Merge: /app/config/routes.php
Sync State Merge: /app/controllers
Sync State Merge: /app/controllers/PagesController.php
Copy Over 'C:\Users\Eristoddle\Dropbox\wnmp\www\dir23-lithe\app\controllers\PostsController.php' -> 'sftp://www.dir23.com/var/www/dir23-lithe/app/controllers/PostsController.php'
Sync State Merge: /app/controllers/UsersController.php
Sync State Merge: /app/extensions
Sync State Merge: /app/extensions/adapter
Sync State Merge: /app/extensions/adapter/empty
Sync State Merge: /app/extensions/command
Sync State Merge: /app/extensions/command/empty
Sync State Merge: /app/extensions/data
Sync State Merge: /app/extensions/data/source
Sync State Merge: /app/extensions/data/source/empty
Sync State Merge: /app/extensions/helper
Sync State Merge: /app/extensions/helper/empty
Sync State Merge: /app/index.php
Sync State Merge: /app/models
Sync State Merge: /app/models/Posts.php
Sync State Merge: /app/models/Users.php
Sync State Merge: /app/resources
Sync State Merge: /app/resources/g11n
Sync State Merge: /app/resources/g11n/empty
Sync State Merge: /app/resources/tmp
Sync State Merge: /app/resources/tmp/cache
Sync State Merge: /app/resources/tmp/cache/templates
Sync State Merge: /app/resources/tmp/cache/templates/empty
Sync State Merge: /app/resources/tmp/logs
Sync State Merge: /app/resources/tmp/logs/empty
Sync State Merge: /app/resources/tmp/tests
Sync State Merge: /app/resources/tmp/tests/empty
Sync State Merge: /app/tests
Sync State Merge: /app/tests/cases
Sync State Merge: /app/tests/cases/controllers
Sync State Merge: /app/tests/cases/controllers/empty
Sync State Merge: /app/tests/cases/extensions
Sync State Merge: /app/tests/cases/extensions/adapter
Sync State Merge: /app/tests/cases/extensions/adapter/empty
Sync State Merge: /app/tests/cases/extensions/command
Sync State Merge: /app/tests/cases/extensions/command/empty
Sync State Merge: /app/tests/cases/extensions/data
Sync State Merge: /app/tests/cases/extensions/data/source
Sync State Merge: /app/tests/cases/extensions/data/source/empty
Sync State Merge: /app/tests/cases/extensions/helper
Sync State Merge: /app/tests/cases/extensions/helper/empty
Sync State Merge: /app/tests/cases/models
Sync State Merge: /app/tests/cases/models/empty
Sync State Merge: /app/tests/functional
Sync State Merge: /app/tests/functional/empty
Sync State Merge: /app/tests/integration
Sync State Merge: /app/tests/integration/empty
Sync State Merge: /app/tests/mocks
Sync State Merge: /app/tests/mocks/empty
Sync State Merge: /app/views
Sync State Merge: /app/views/_errors
Sync State Merge: /app/views/_errors/development.html.php
Sync State Merge: /app/views/elements
Sync State Merge: /app/views/elements/footer.html.php
Sync State Merge: /app/views/elements/header.html.php
Sync State Merge: /app/views/elements/navbar.html.php
Sync State Merge: /app/views/elements/sidebar.html.php
Sync State Merge: /app/views/layouts
Sync State Merge: /app/views/layouts/default.html.php
Sync State Merge: /app/views/layouts/default.rss.php
Sync State Merge: /app/views/layouts/default.xml.php
Sync State Merge: /app/views/layouts/error.html.php
Sync State Merge: /app/views/layouts/fluid.html.php
Sync State Merge: /app/views/layouts/responsive.html.php
Sync State Merge: /app/views/pages
Sync State Merge: /app/views/pages/home.html.php
Sync State Merge: /app/views/posts
Sync State Merge: /app/views/posts/add.html.php
Sync State Merge: /app/views/posts/edit.html.php
Sync State Merge: /app/views/posts/index.html.php
Sync State Merge: /app/views/posts/index.rss.php
Sync State Merge: /app/views/posts/tags.html.php
Sync State Merge: /app/views/posts/view.html.php
Sync State Merge: /app/views/users
Sync State Merge: /app/views/users/add.html.php
Sync State Merge: /app/views/users/index.html.php
Sync State Merge: /app/views/users/login.html.php
Sync State Merge: /app/web.config
Sync State Merge: /app/webroot
Sync State Merge: /app/webroot/.htaccess
Sync State Merge: /app/webroot/css
Sync State Merge: /app/webroot/css/amelia.bootstrap.min.css
Sync State Merge: /app/webroot/css/bootstrap-responsive.css
Sync State Merge: /app/webroot/css/bootstrap-responsive.min.css
Sync State Merge: /app/webroot/css/bootstrap.css
Sync State Merge: /app/webroot/css/bootstrap.min.css
Sync State Merge: /app/webroot/css/cerulean.bootstrap.min.css
Sync State Merge: /app/webroot/css/cyborg.bootstrap.min.css
Sync State Merge: /app/webroot/css/debug.css
Sync State Merge: /app/webroot/css/journal.bootstrap.min.css
Sync State Merge: /app/webroot/css/lithium.css
Sync State Merge: /app/webroot/css/readable.bootstrap.min.css
Sync State Merge: /app/webroot/css/simplex.bootstrap.min.css
Sync State Merge: /app/webroot/css/slate.bootstrap.min.css
Sync State Merge: /app/webroot/css/spacelab.bootstrap.min.css
Sync State Merge: /app/webroot/css/spruce.bootstrap.min.css
Sync State Merge: /app/webroot/css/superhero.bootstrap.min.css
Sync State Merge: /app/webroot/css/united.bootstrap.min.css
Sync State Merge: /app/webroot/favicon.ico
Sync State Merge: /app/webroot/img
Sync State Merge: /app/webroot/img/glyphicons-halflings-white.png
Sync State Merge: /app/webroot/img/glyphicons-halflings.png
Sync State Merge: /app/webroot/index.php
Sync State Merge: /app/webroot/js
Sync State Merge: /app/webroot/js/bootstrap.js
Sync State Merge: /app/webroot/js/bootstrap.min.js
Sync State Merge: /app/webroot/js/date-utils.min.js
Sync State Merge: /app/webroot/js/head.js
Sync State Merge: /app/webroot/js/icanhaz.min.js
Sync State Merge: /app/webroot/js/jquery.chosen.min.js
Sync State Merge: /app/webroot/js/jquery.inview.min.js
Sync State Merge: /app/webroot/js/jquery.min.js
Sync State Merge: /app/webroot/js/prettify
Sync State Merge: /app/webroot/js/prettify/lang-apollo.js
Sync State Merge: /app/webroot/js/prettify/lang-clj.js
Sync State Merge: /app/webroot/js/prettify/lang-css.js
Sync State Merge: /app/webroot/js/prettify/lang-go.js
Sync State Merge: /app/webroot/js/prettify/lang-hs.js
Sync State Merge: /app/webroot/js/prettify/lang-lisp.js
Sync State Merge: /app/webroot/js/prettify/lang-lua.js
Sync State Merge: /app/webroot/js/prettify/lang-ml.js
Sync State Merge: /app/webroot/js/prettify/lang-n.js
Sync State Merge: /app/webroot/js/prettify/lang-proto.js
Sync State Merge: /app/webroot/js/prettify/lang-scala.js
Sync State Merge: /app/webroot/js/prettify/lang-sql.js
Sync State Merge: /app/webroot/js/prettify/lang-tex.js
Sync State Merge: /app/webroot/js/prettify/lang-vb.js
Sync State Merge: /app/webroot/js/prettify/lang-vhdl.js
Sync State Merge: /app/webroot/js/prettify/lang-wiki.js
Sync State Merge: /app/webroot/js/prettify/lang-xq.js
Sync State Merge: /app/webroot/js/prettify/lang-yaml.js
Sync State Merge: /app/webroot/js/prettify/prettify.js
Sync State Merge: /app/webroot/less
Sync State Merge: /app/webroot/less/accordion.less
Sync State Merge: /app/webroot/less/alerts.less
Sync State Merge: /app/webroot/less/all.less
Sync State Merge: /app/webroot/less/bootstrap.less
Sync State Merge: /app/webroot/less/breadcrumbs.less
Sync State Merge: /app/webroot/less/button-groups.less
Sync State Merge: /app/webroot/less/buttons.less
Sync State Merge: /app/webroot/less/carousel.less
Sync State Merge: /app/webroot/less/close.less
Sync State Merge: /app/webroot/less/code.less
Sync State Merge: /app/webroot/less/component-animations.less
Sync State Merge: /app/webroot/less/dropdowns.less
Sync State Merge: /app/webroot/less/forms.less
Sync State Merge: /app/webroot/less/grid.less
Sync State Merge: /app/webroot/less/hero-unit.less
Sync State Merge: /app/webroot/less/labels.less
Sync State Merge: /app/webroot/less/layouts.less
Sync State Merge: /app/webroot/less/mixins.less
Sync State Merge: /app/webroot/less/modals.less
Sync State Merge: /app/webroot/less/navbar.less
Sync State Merge: /app/webroot/less/navs.less
Sync State Merge: /app/webroot/less/pager.less
Sync State Merge: /app/webroot/less/pagination.less
Sync State Merge: /app/webroot/less/popovers.less
Sync State Merge: /app/webroot/less/progress-bars.less
Sync State Merge: /app/webroot/less/reset.less
Sync State Merge: /app/webroot/less/responsive.less
Sync State Merge: /app/webroot/less/scaffolding.less
Sync State Merge: /app/webroot/less/sprites.less
Sync State Merge: /app/webroot/less/tables.less
Sync State Merge: /app/webroot/less/thumbnails.less
Sync State Merge: /app/webroot/less/tooltip.less
Sync State Merge: /app/webroot/less/type.less
Sync State Merge: /app/webroot/less/utilities.less
Sync State Merge: /app/webroot/less/variables.less
Sync State Merge: /app/webroot/less/wells.less
Sync State Merge: /app/webroot/moadmin.php
Sync State Merge: /app/webroot/web.config
Sync State Merge: /index.php
Sync State Merge: /libraries
Sync State Merge: /libraries/li3_bootstrap
Sync State Merge: /libraries/li3_less
Sync State Merge: /libraries/li3_less/config
Sync State Merge: /libraries/li3_less/core
Sync State Merge: /libraries/li3_less/libraries
Sync State Merge: /libraries/li3_less/libraries/lessphp
Sync State Merge: /libraries/li3_paginate
Sync State Merge: /libraries/li3_paginate/extensions
Sync State Merge: /libraries/li3_paginate/extensions/helper
Sync State Merge: /libraries/lithium
Sync State Merge: /libraries/lithium/.gitignore
Sync State Merge: /libraries/lithium/.travis.yml
Sync State Merge: /libraries/lithium/action
Sync State Merge: /libraries/lithium/action/Controller.php
Sync State Merge: /libraries/lithium/action/Dispatcher.php
Sync State Merge: /libraries/lithium/action/DispatchException.php
Sync State Merge: /libraries/lithium/action/readme.wiki
Sync State Merge: /libraries/lithium/action/Request.php
Sync State Merge: /libraries/lithium/action/Response.php
Sync State Merge: /libraries/lithium/analysis
Sync State Merge: /libraries/lithium/analysis/Debugger.php
Sync State Merge: /libraries/lithium/analysis/Docblock.php
Sync State Merge: /libraries/lithium/analysis/Inspector.php
Sync State Merge: /libraries/lithium/analysis/logger
Sync State Merge: /libraries/lithium/analysis/logger/adapter
Sync State Merge: /libraries/lithium/analysis/logger/adapter/Cache.php
Sync State Merge: /libraries/lithium/analysis/logger/adapter/File.php
Sync State Merge: /libraries/lithium/analysis/logger/adapter/FirePhp.php
Sync State Merge: /libraries/lithium/analysis/logger/adapter/Growl.php
Sync State Merge: /libraries/lithium/analysis/logger/adapter/Syslog.php
Sync State Merge: /libraries/lithium/analysis/Logger.php
Sync State Merge: /libraries/lithium/analysis/Parser.php
Sync State Merge: /libraries/lithium/console
Sync State Merge: /libraries/lithium/console/command
Sync State Merge: /libraries/lithium/console/command/create
Sync State Merge: /libraries/lithium/console/command/create/Controller.php
Sync State Merge: /libraries/lithium/console/command/create/Mock.php
Sync State Merge: /libraries/lithium/console/command/create/Model.php
Sync State Merge: /libraries/lithium/console/command/create/template
Sync State Merge: /libraries/lithium/console/command/create/template/app.phar.gz
Sync State Merge: /libraries/lithium/console/command/create/template/controller.txt.php
Sync State Merge: /libraries/lithium/console/command/create/template/mock.txt.php
Sync State Merge: /libraries/lithium/console/command/create/template/model.txt.php
Sync State Merge: /libraries/lithium/console/command/create/template/plugin.phar.gz
Sync State Merge: /libraries/lithium/console/command/create/template/test-app-replacements.phar.gz
Sync State Merge: /libraries/lithium/console/command/create/template/test.txt.php
Sync State Merge: /libraries/lithium/console/command/create/Test.php
Sync State Merge: /libraries/lithium/console/command/create/View.php
Sync State Merge: /libraries/lithium/console/command/Create.php
Sync State Merge: /libraries/lithium/console/command/g11n
Sync State Merge: /libraries/lithium/console/command/g11n/Extract.php
Sync State Merge: /libraries/lithium/console/command/G11n.php
Sync State Merge: /libraries/lithium/console/command/Help.php
Sync State Merge: /libraries/lithium/console/command/Library.php
Sync State Merge: /libraries/lithium/console/command/Route.php
Sync State Merge: /libraries/lithium/console/command/Test.php
Sync State Merge: /libraries/lithium/console/Command.php
Sync State Merge: /libraries/lithium/console/Dispatcher.php
Sync State Merge: /libraries/lithium/console/li3
Sync State Merge: /libraries/lithium/console/li3.bat
Sync State Merge: /libraries/lithium/console/lithium.php
Sync State Merge: /libraries/lithium/console/readme.wiki
Sync State Merge: /libraries/lithium/console/Request.php
Sync State Merge: /libraries/lithium/console/Response.php
Sync State Merge: /libraries/lithium/console/Router.php
Sync State Merge: /libraries/lithium/core
Sync State Merge: /libraries/lithium/core/Adaptable.php
Sync State Merge: /libraries/lithium/core/ClassNotFoundException.php
Sync State Merge: /libraries/lithium/core/ConfigException.php
Sync State Merge: /libraries/lithium/core/Environment.php
Sync State Merge: /libraries/lithium/core/ErrorHandler.php
Sync State Merge: /libraries/lithium/core/Libraries.php
Sync State Merge: /libraries/lithium/core/NetworkException.php
Sync State Merge: /libraries/lithium/core/Object.php
Sync State Merge: /libraries/lithium/core/StaticObject.php
Sync State Merge: /libraries/lithium/data
Sync State Merge: /libraries/lithium/data/collection
Sync State Merge: /libraries/lithium/data/collection/DocumentArray.php
Sync State Merge: /libraries/lithium/data/collection/DocumentSet.php
Sync State Merge: /libraries/lithium/data/collection/RecordSet.php
Sync State Merge: /libraries/lithium/data/Collection.php
Sync State Merge: /libraries/lithium/data/Connections.php
Sync State Merge: /libraries/lithium/data/entity
Sync State Merge: /libraries/lithium/data/entity/Document.php
Sync State Merge: /libraries/lithium/data/entity/Record.php
Sync State Merge: /libraries/lithium/data/Entity.php
Sync State Merge: /libraries/lithium/data/model
Sync State Merge: /libraries/lithium/data/model/Query.php
Sync State Merge: /libraries/lithium/data/model/QueryException.php
Sync State Merge: /libraries/lithium/data/model/Relationship.php
Sync State Merge: /libraries/lithium/data/Model.php
Sync State Merge: /libraries/lithium/data/source
Sync State Merge: /libraries/lithium/data/source/database
Sync State Merge: /libraries/lithium/data/source/database/adapter
Sync State Merge: /libraries/lithium/data/source/database/adapter/my_sql
Sync State Merge: /libraries/lithium/data/source/database/adapter/my_sql/Result.php
Sync State Merge: /libraries/lithium/data/source/database/adapter/MySql.php
Sync State Merge: /libraries/lithium/data/source/database/adapter/sqlite3
Sync State Merge: /libraries/lithium/data/source/database/adapter/sqlite3/Result.php
Sync State Merge: /libraries/lithium/data/source/database/adapter/Sqlite3.php
Sync State Merge: /libraries/lithium/data/source/database/Result.php
Sync State Merge: /libraries/lithium/data/source/Database.php
Sync State Merge: /libraries/lithium/data/source/http
Sync State Merge: /libraries/lithium/data/source/http/adapter
Sync State Merge: /libraries/lithium/data/source/http/adapter/CouchDb.php
Sync State Merge: /libraries/lithium/data/source/Http.php
Sync State Merge: /libraries/lithium/data/source/Mock.php
Sync State Merge: /libraries/lithium/data/source/mongo_db
Sync State Merge: /libraries/lithium/data/source/mongo_db/Exporter.php
Sync State Merge: /libraries/lithium/data/source/mongo_db/Result.php
Sync State Merge: /libraries/lithium/data/source/MongoDb.php
Sync State Merge: /libraries/lithium/data/Source.php
Sync State Merge: /libraries/lithium/g11n
Sync State Merge: /libraries/lithium/g11n/catalog
Sync State Merge: /libraries/lithium/g11n/catalog/adapter
Sync State Merge: /libraries/lithium/g11n/catalog/adapter/Code.php
Sync State Merge: /libraries/lithium/g11n/catalog/adapter/Gettext.php
Sync State Merge: /libraries/lithium/g11n/catalog/adapter/Memory.php
Sync State Merge: /libraries/lithium/g11n/catalog/adapter/Php.php
Sync State Merge: /libraries/lithium/g11n/catalog/Adapter.php
Sync State Merge: /libraries/lithium/g11n/Catalog.php
Sync State Merge: /libraries/lithium/g11n/Locale.php
Sync State Merge: /libraries/lithium/g11n/Message.php
Sync State Merge: /libraries/lithium/g11n/multibyte
Sync State Merge: /libraries/lithium/g11n/multibyte/adapter
Sync State Merge: /libraries/lithium/g11n/multibyte/adapter/Iconv.php
Sync State Merge: /libraries/lithium/g11n/multibyte/adapter/Intl.php
Sync State Merge: /libraries/lithium/g11n/multibyte/adapter/Mbstring.php
Sync State Merge: /libraries/lithium/g11n/Multibyte.php
Sync State Merge: /libraries/lithium/g11n/resources
Sync State Merge: /libraries/lithium/g11n/resources/php
Sync State Merge: /libraries/lithium/g11n/resources/php/da_DK
Sync State Merge: /libraries/lithium/g11n/resources/php/da_DK/validation
Sync State Merge: /libraries/lithium/g11n/resources/php/da_DK/validation/default.php
Sync State Merge: /libraries/lithium/g11n/resources/php/de
Sync State Merge: /libraries/lithium/g11n/resources/php/de/message
Sync State Merge: /libraries/lithium/g11n/resources/php/de/message/default.php
Sync State Merge: /libraries/lithium/g11n/resources/php/de_BE
Sync State Merge: /libraries/lithium/g11n/resources/php/de_BE/validation
Sync State Merge: /libraries/lithium/g11n/resources/php/de_BE/validation/default.php
Sync State Merge: /libraries/lithium/g11n/resources/php/de_DE
Sync State Merge: /libraries/lithium/g11n/resources/php/de_DE/validation
Sync State Merge: /libraries/lithium/g11n/resources/php/de_DE/validation/default.php
Sync State Merge: /libraries/lithium/g11n/resources/php/en
Sync State Merge: /libraries/lithium/g11n/resources/php/en/message
Sync State Merge: /libraries/lithium/g11n/resources/php/en/message/default.php
Sync State Merge: /libraries/lithium/g11n/resources/php/en_CA
Sync State Merge: /libraries/lithium/g11n/resources/php/en_CA/validation
Sync State Merge: /libraries/lithium/g11n/resources/php/en_CA/validation/default.php
Sync State Merge: /libraries/lithium/g11n/resources/php/en_GB
Sync State Merge: /libraries/lithium/g11n/resources/php/en_GB/validation
Sync State Merge: /libraries/lithium/g11n/resources/php/en_GB/validation/default.php
Sync State Merge: /libraries/lithium/g11n/resources/php/en_US
Sync State Merge: /libraries/lithium/g11n/resources/php/en_US/validation
Sync State Merge: /libraries/lithium/g11n/resources/php/en_US/validation/default.php
Sync State Merge: /libraries/lithium/g11n/resources/php/fr
Sync State Merge: /libraries/lithium/g11n/resources/php/fr/message
Sync State Merge: /libraries/lithium/g11n/resources/php/fr/message/default.php
Sync State Merge: /libraries/lithium/g11n/resources/php/fr_BE
Sync State Merge: /libraries/lithium/g11n/resources/php/fr_BE/validation
Sync State Merge: /libraries/lithium/g11n/resources/php/fr_BE/validation/default.php
Sync State Merge: /libraries/lithium/g11n/resources/php/fr_CA
Sync State Merge: /libraries/lithium/g11n/resources/php/fr_CA/validation
Sync State Merge: /libraries/lithium/g11n/resources/php/fr_CA/validation/default.php
Sync State Merge: /libraries/lithium/g11n/resources/php/it_IT
Sync State Merge: /libraries/lithium/g11n/resources/php/it_IT/validation
Sync State Merge: /libraries/lithium/g11n/resources/php/it_IT/validation/default.php
Sync State Merge: /libraries/lithium/g11n/resources/php/nl_BE
Sync State Merge: /libraries/lithium/g11n/resources/php/nl_BE/validation
Sync State Merge: /libraries/lithium/g11n/resources/php/nl_BE/validation/default.php
Sync State Merge: /libraries/lithium/g11n/resources/php/nl_NL
Sync State Merge: /libraries/lithium/g11n/resources/php/nl_NL/validation
Sync State Merge: /libraries/lithium/g11n/resources/php/nl_NL/validation/default.php
Sync State Merge: /libraries/lithium/LICENSE.txt
Sync State Merge: /libraries/lithium/net
Sync State Merge: /libraries/lithium/net/http
Sync State Merge: /libraries/lithium/net/http/Auth.php
Sync State Merge: /libraries/lithium/net/http/Media.php
Sync State Merge: /libraries/lithium/net/http/MediaException.php
Sync State Merge: /libraries/lithium/net/http/Message.php
Sync State Merge: /libraries/lithium/net/http/Request.php
Sync State Merge: /libraries/lithium/net/http/Response.php
Sync State Merge: /libraries/lithium/net/http/Route.php
Sync State Merge: /libraries/lithium/net/http/Router.php
Sync State Merge: /libraries/lithium/net/http/RoutingException.php
Sync State Merge: /libraries/lithium/net/http/Service.php
Sync State Merge: /libraries/lithium/net/Message.php
Sync State Merge: /libraries/lithium/net/socket
Sync State Merge: /libraries/lithium/net/socket/Context.php
Sync State Merge: /libraries/lithium/net/socket/Curl.php
Sync State Merge: /libraries/lithium/net/socket/Stream.php
Sync State Merge: /libraries/lithium/net/Socket.php
Sync State Merge: /libraries/lithium/README.md
Sync State Merge: /libraries/lithium/readme.wiki
Sync State Merge: /libraries/lithium/security
Sync State Merge: /libraries/lithium/security/auth
Sync State Merge: /libraries/lithium/security/auth/adapter
Sync State Merge: /libraries/lithium/security/auth/adapter/Form.php
Sync State Merge: /libraries/lithium/security/auth/adapter/Http.php
Sync State Merge: /libraries/lithium/security/Auth.php
Sync State Merge: /libraries/lithium/security/Password.php
Sync State Merge: /libraries/lithium/security/validation
Sync State Merge: /libraries/lithium/security/validation/RequestToken.php
Sync State Merge: /libraries/lithium/storage
Sync State Merge: /libraries/lithium/storage/cache
Sync State Merge: /libraries/lithium/storage/cache/adapter
Sync State Merge: /libraries/lithium/storage/cache/adapter/Apc.php
Sync State Merge: /libraries/lithium/storage/cache/adapter/File.php
Sync State Merge: /libraries/lithium/storage/cache/adapter/Memcache.php
Sync State Merge: /libraries/lithium/storage/cache/adapter/Memory.php
Sync State Merge: /libraries/lithium/storage/cache/adapter/Redis.php
Sync State Merge: /libraries/lithium/storage/cache/adapter/XCache.php
Sync State Merge: /libraries/lithium/storage/cache/strategy
Sync State Merge: /libraries/lithium/storage/cache/strategy/Base64.php
Sync State Merge: /libraries/lithium/storage/cache/strategy/Json.php
Sync State Merge: /libraries/lithium/storage/cache/strategy/Serializer.php
Sync State Merge: /libraries/lithium/storage/Cache.php
Sync State Merge: /libraries/lithium/storage/session
Sync State Merge: /libraries/lithium/storage/session/adapter
Sync State Merge: /libraries/lithium/storage/session/adapter/Cookie.php
Sync State Merge: /libraries/lithium/storage/session/adapter/Memory.php
Sync State Merge: /libraries/lithium/storage/session/adapter/Php.php
Sync State Merge: /libraries/lithium/storage/session/strategy
Sync State Merge: /libraries/lithium/storage/session/strategy/Encrypt.php
Sync State Merge: /libraries/lithium/storage/session/strategy/Hmac.php
Sync State Merge: /libraries/lithium/storage/session/strategy/MissingSignatureException.php
Sync State Merge: /libraries/lithium/storage/Session.php
Sync State Merge: /libraries/lithium/template
Sync State Merge: /libraries/lithium/template/helper
Sync State Merge: /libraries/lithium/template/helper/Form.php
Sync State Merge: /libraries/lithium/template/helper/Html.php
Sync State Merge: /libraries/lithium/template/helper/Security.php
Sync State Merge: /libraries/lithium/template/Helper.php
Sync State Merge: /libraries/lithium/template/readme.wiki
Sync State Merge: /libraries/lithium/template/TemplateException.php
Sync State Merge: /libraries/lithium/template/view
Sync State Merge: /libraries/lithium/template/view/adapter
Sync State Merge: /libraries/lithium/template/view/adapter/File.php
Sync State Merge: /libraries/lithium/template/view/adapter/Simple.php
Sync State Merge: /libraries/lithium/template/view/Compiler.php
Sync State Merge: /libraries/lithium/template/view/Renderer.php
Sync State Merge: /libraries/lithium/template/View.php
Sync State Merge: /libraries/lithium/test
Sync State Merge: /libraries/lithium/test/Controller.php
Sync State Merge: /libraries/lithium/test/Dispatcher.php
Sync State Merge: /libraries/lithium/test/filter
Sync State Merge: /libraries/lithium/test/filter/Affected.php
Sync State Merge: /libraries/lithium/test/filter/Complexity.php
Sync State Merge: /libraries/lithium/test/filter/Coverage.php
Sync State Merge: /libraries/lithium/test/filter/Profiler.php
Sync State Merge: /libraries/lithium/test/Filter.php
Sync State Merge: /libraries/lithium/test/Group.php
Sync State Merge: /libraries/lithium/test/Integration.php
Sync State Merge: /libraries/lithium/test/Report.php
Sync State Merge: /libraries/lithium/test/templates
Sync State Merge: /libraries/lithium/test/templates/affected.html.php
Sync State Merge: /libraries/lithium/test/templates/affected.json.php
Sync State Merge: /libraries/lithium/test/templates/affected.txt.php
Sync State Merge: /libraries/lithium/test/templates/complexity.html.php
Sync State Merge: /libraries/lithium/test/templates/complexity.json.php
Sync State Merge: /libraries/lithium/test/templates/complexity.txt.php
Sync State Merge: /libraries/lithium/test/templates/coverage.html.php
Sync State Merge: /libraries/lithium/test/templates/coverage.json.php
Sync State Merge: /libraries/lithium/test/templates/coverage.txt.php
Sync State Merge: /libraries/lithium/test/templates/errors.txt.php
Sync State Merge: /libraries/lithium/test/templates/exception.html.php
Sync State Merge: /libraries/lithium/test/templates/fail.html.php
Sync State Merge: /libraries/lithium/test/templates/layout.html.php
Sync State Merge: /libraries/lithium/test/templates/menu.html.php
Sync State Merge: /libraries/lithium/test/templates/profiler.html.php
Sync State Merge: /libraries/lithium/test/templates/profiler.json.php
Sync State Merge: /libraries/lithium/test/templates/profiler.txt.php
Sync State Merge: /libraries/lithium/test/templates/result.txt.php
Sync State Merge: /libraries/lithium/test/templates/skips.txt.php
Sync State Merge: /libraries/lithium/test/templates/stats.html.php
Sync State Merge: /libraries/lithium/test/templates/stats.json.php
Sync State Merge: /libraries/lithium/test/Unit.php
Sync State Merge: /libraries/lithium/tests
Sync State Merge: /libraries/lithium/tests/cases
Sync State Merge: /libraries/lithium/tests/cases/action
Sync State Merge: /libraries/lithium/tests/cases/action/ControllerTest.php
Sync State Merge: /libraries/lithium/tests/cases/action/DispatcherTest.php
Sync State Merge: /libraries/lithium/tests/cases/action/RequestTest.php
Sync State Merge: /libraries/lithium/tests/cases/action/ResponseTest.php
Sync State Merge: /libraries/lithium/tests/cases/analysis
Sync State Merge: /libraries/lithium/tests/cases/analysis/DebuggerTest.php
Sync State Merge: /libraries/lithium/tests/cases/analysis/DocblockTest.php
Sync State Merge: /libraries/lithium/tests/cases/analysis/InspectorTest.php
Sync State Merge: /libraries/lithium/tests/cases/analysis/logger
Sync State Merge: /libraries/lithium/tests/cases/analysis/logger/adapter
Sync State Merge: /libraries/lithium/tests/cases/analysis/logger/adapter/CacheTest.php
Sync State Merge: /libraries/lithium/tests/cases/analysis/logger/adapter/FileTest.php
Sync State Merge: /libraries/lithium/tests/cases/analysis/logger/adapter/FirePhpTest.php
Sync State Merge: /libraries/lithium/tests/cases/analysis/logger/adapter/GrowlTest.php
Sync State Merge: /libraries/lithium/tests/cases/analysis/logger/adapter/SyslogTest.php
Sync State Merge: /libraries/lithium/tests/cases/analysis/LoggerTest.php
Sync State Merge: /libraries/lithium/tests/cases/analysis/ParserTest.php
Sync State Merge: /libraries/lithium/tests/cases/console
Sync State Merge: /libraries/lithium/tests/cases/console/command
Sync State Merge: /libraries/lithium/tests/cases/console/command/create
Sync State Merge: /libraries/lithium/tests/cases/console/command/create/ControllerTest.php
Sync State Merge: /libraries/lithium/tests/cases/console/command/create/MockTest.php
Sync State Merge: /libraries/lithium/tests/cases/console/command/create/ModelTest.php
Sync State Merge: /libraries/lithium/tests/cases/console/command/create/TestTest.php
Sync State Merge: /libraries/lithium/tests/cases/console/command/create/ViewTest.php
Sync State Merge: /libraries/lithium/tests/cases/console/command/CreateTest.php
Sync State Merge: /libraries/lithium/tests/cases/console/command/g11n
Sync State Merge: /libraries/lithium/tests/cases/console/command/g11n/ExtractTest.php
Sync State Merge: /libraries/lithium/tests/cases/console/command/HelpTest.php
Sync State Merge: /libraries/lithium/tests/cases/console/command/LibraryTest.php
Sync State Merge: /libraries/lithium/tests/cases/console/command/RouteTest.php
Sync State Merge: /libraries/lithium/tests/cases/console/command/TestTest.php
Sync State Merge: /libraries/lithium/tests/cases/console/CommandTest.php
Sync State Merge: /libraries/lithium/tests/cases/console/DispatcherTest.php
Sync State Merge: /libraries/lithium/tests/cases/console/RequestTest.php
Sync State Merge: /libraries/lithium/tests/cases/console/ResponseTest.php
Sync State Merge: /libraries/lithium/tests/cases/console/RouterTest.php
Sync State Merge: /libraries/lithium/tests/cases/core
Sync State Merge: /libraries/lithium/tests/cases/core/AdaptableTest.php
Sync State Merge: /libraries/lithium/tests/cases/core/EnvironmentTest.php
Sync State Merge: /libraries/lithium/tests/cases/core/ErrorHandlerTest.php
Sync State Merge: /libraries/lithium/tests/cases/core/LibrariesTest.php
Sync State Merge: /libraries/lithium/tests/cases/core/ObjectTest.php
Sync State Merge: /libraries/lithium/tests/cases/core/StaticObjectTest.php
Sync State Merge: /libraries/lithium/tests/cases/data
Sync State Merge: /libraries/lithium/tests/cases/data/collection
Sync State Merge: /libraries/lithium/tests/cases/data/collection/DocumentArrayTest.php
Sync State Merge: /libraries/lithium/tests/cases/data/collection/DocumentSetTest.php
Sync State Merge: /libraries/lithium/tests/cases/data/collection/RecordSetTest.php
Sync State Merge: /libraries/lithium/tests/cases/data/CollectionTest.php
Sync State Merge: /libraries/lithium/tests/cases/data/ConnectionsTest.php
Sync State Merge: /libraries/lithium/tests/cases/data/entity
Sync State Merge: /libraries/lithium/tests/cases/data/entity/DocumentTest.php
Sync State Merge: /libraries/lithium/tests/cases/data/entity/RecordTest.php
Sync State Merge: /libraries/lithium/tests/cases/data/EntityTest.php
Sync State Merge: /libraries/lithium/tests/cases/data/model
Sync State Merge: /libraries/lithium/tests/cases/data/model/QueryTest.php
Sync State Merge: /libraries/lithium/tests/cases/data/ModelTest.php
Sync State Merge: /libraries/lithium/tests/cases/data/source
Sync State Merge: /libraries/lithium/tests/cases/data/source/database
Sync State Merge: /libraries/lithium/tests/cases/data/source/database/adapter
Sync State Merge: /libraries/lithium/tests/cases/data/source/database/adapter/my_sql
Sync State Merge: /libraries/lithium/tests/cases/data/source/database/adapter/my_sql/ResultTest.php
Sync State Merge: /libraries/lithium/tests/cases/data/source/database/adapter/MySqlTest.php
Sync State Merge: /libraries/lithium/tests/cases/data/source/database/adapter/Sqlite3Test.php
Sync State Merge: /libraries/lithium/tests/cases/data/source/DatabaseTest.php
Sync State Merge: /libraries/lithium/tests/cases/data/source/http
Sync State Merge: /libraries/lithium/tests/cases/data/source/http/adapter
Sync State Merge: /libraries/lithium/tests/cases/data/source/http/adapter/CouchDbTest.php
Sync State Merge: /libraries/lithium/tests/cases/data/source/HttpTest.php
Sync State Merge: /libraries/lithium/tests/cases/data/source/mongo_db
Sync State Merge: /libraries/lithium/tests/cases/data/source/mongo_db/ExporterTest.php
Sync State Merge: /libraries/lithium/tests/cases/data/source/MongoDbTest.php
Sync State Merge: /libraries/lithium/tests/cases/data/SourceTest.php
Sync State Merge: /libraries/lithium/tests/cases/g11n
Sync State Merge: /libraries/lithium/tests/cases/g11n/catalog
Sync State Merge: /libraries/lithium/tests/cases/g11n/catalog/adapter
Sync State Merge: /libraries/lithium/tests/cases/g11n/catalog/adapter/CodeTest.php
Sync State Merge: /libraries/lithium/tests/cases/g11n/catalog/adapter/GettextTest.php
Sync State Merge: /libraries/lithium/tests/cases/g11n/catalog/adapter/MemoryTest.php
Sync State Merge: /libraries/lithium/tests/cases/g11n/catalog/adapter/PhpTest.php
Sync State Merge: /libraries/lithium/tests/cases/g11n/catalog/AdapterTest.php
Sync State Merge: /libraries/lithium/tests/cases/g11n/CatalogTest.php
Sync State Merge: /libraries/lithium/tests/cases/g11n/LocaleTest.php
Sync State Merge: /libraries/lithium/tests/cases/g11n/MessageTest.php
Sync State Merge: /libraries/lithium/tests/cases/g11n/multibyte
Sync State Merge: /libraries/lithium/tests/cases/g11n/multibyte/adapter
Sync State Merge: /libraries/lithium/tests/cases/g11n/multibyte/adapter/IconvTest.php
Sync State Merge: /libraries/lithium/tests/cases/g11n/multibyte/adapter/IntlTest.php
Sync State Merge: /libraries/lithium/tests/cases/g11n/multibyte/adapter/MbstringTest.php
Sync State Merge: /libraries/lithium/tests/cases/g11n/MultibyteTest.php
Sync State Merge: /libraries/lithium/tests/cases/net
Sync State Merge: /libraries/lithium/tests/cases/net/http
Sync State Merge: /libraries/lithium/tests/cases/net/http/AuthTest.php
Sync State Merge: /libraries/lithium/tests/cases/net/http/MediaTest.php
Sync State Merge: /libraries/lithium/tests/cases/net/http/MessageTest.php
Sync State Merge: /libraries/lithium/tests/cases/net/http/RequestTest.php
Sync State Merge: /libraries/lithium/tests/cases/net/http/ResponseTest.php
Sync State Merge: /libraries/lithium/tests/cases/net/http/RouterTest.php
Sync State Merge: /libraries/lithium/tests/cases/net/http/RouteTest.php
Sync State Merge: /libraries/lithium/tests/cases/net/http/ServiceTest.php
Sync State Merge: /libraries/lithium/tests/cases/net/MessageTest.php
Sync State Merge: /libraries/lithium/tests/cases/net/socket
Sync State Merge: /libraries/lithium/tests/cases/net/socket/ContextTest.php
Sync State Merge: /libraries/lithium/tests/cases/net/socket/CurlTest.php
Sync State Merge: /libraries/lithium/tests/cases/net/socket/StreamTest.php
Sync State Merge: /libraries/lithium/tests/cases/net/SocketTest.php
Sync State Merge: /libraries/lithium/tests/cases/security
Sync State Merge: /libraries/lithium/tests/cases/security/auth
Sync State Merge: /libraries/lithium/tests/cases/security/auth/adapter
Sync State Merge: /libraries/lithium/tests/cases/security/auth/adapter/FormTest.php
Sync State Merge: /libraries/lithium/tests/cases/security/auth/adapter/HttpTest.php
Sync State Merge: /libraries/lithium/tests/cases/security/AuthTest.php
Sync State Merge: /libraries/lithium/tests/cases/security/PasswordTest.php
Sync State Merge: /libraries/lithium/tests/cases/security/validation
Sync State Merge: /libraries/lithium/tests/cases/security/validation/RequestTokenTest.php
Sync State Merge: /libraries/lithium/tests/cases/storage
Sync State Merge: /libraries/lithium/tests/cases/storage/cache
Sync State Merge: /libraries/lithium/tests/cases/storage/cache/adapter
Sync State Merge: /libraries/lithium/tests/cases/storage/cache/adapter/ApcTest.php
Sync State Merge: /libraries/lithium/tests/cases/storage/cache/adapter/FileTest.php
Sync State Merge: /libraries/lithium/tests/cases/storage/cache/adapter/MemcacheTest.php
Sync State Merge: /libraries/lithium/tests/cases/storage/cache/adapter/MemoryTest.php
Sync State Merge: /libraries/lithium/tests/cases/storage/cache/adapter/RedisTest.php
Sync State Merge: /libraries/lithium/tests/cases/storage/cache/adapter/XCacheTest.php
Sync State Merge: /libraries/lithium/tests/cases/storage/cache/strategy
Sync State Merge: /libraries/lithium/tests/cases/storage/cache/strategy/Base64Test.php
Sync State Merge: /libraries/lithium/tests/cases/storage/cache/strategy/JsonTest.php
Sync State Merge: /libraries/lithium/tests/cases/storage/cache/strategy/SerializerTest.php
Sync State Merge: /libraries/lithium/tests/cases/storage/CacheTest.php
Sync State Merge: /libraries/lithium/tests/cases/storage/session
Sync State Merge: /libraries/lithium/tests/cases/storage/session/adapter
Sync State Merge: /libraries/lithium/tests/cases/storage/session/adapter/CookieTest.php
Sync State Merge: /libraries/lithium/tests/cases/storage/session/adapter/MemoryTest.php
Sync State Merge: /libraries/lithium/tests/cases/storage/session/adapter/PhpTest.php
Sync State Merge: /libraries/lithium/tests/cases/storage/session/strategy
Sync State Merge: /libraries/lithium/tests/cases/storage/session/strategy/EncryptTest.php
Sync State Merge: /libraries/lithium/tests/cases/storage/session/strategy/HmacTest.php
Sync State Merge: /libraries/lithium/tests/cases/storage/SessionTest.php
Sync State Merge: /libraries/lithium/tests/cases/template
Sync State Merge: /libraries/lithium/tests/cases/template/helper
Sync State Merge: /libraries/lithium/tests/cases/template/helper/FormTest.php
Sync State Merge: /libraries/lithium/tests/cases/template/helper/HtmlTest.php
Sync State Merge: /libraries/lithium/tests/cases/template/helper/SecurityTest.php
Sync State Merge: /libraries/lithium/tests/cases/template/HelperTest.php
Sync State Merge: /libraries/lithium/tests/cases/template/view
Sync State Merge: /libraries/lithium/tests/cases/template/view/adapter
Sync State Merge: /libraries/lithium/tests/cases/template/view/adapter/FileTest.php
Sync State Merge: /libraries/lithium/tests/cases/template/view/adapter/SimpleTest.php
Sync State Merge: /libraries/lithium/tests/cases/template/view/CompilerTest.php
Sync State Merge: /libraries/lithium/tests/cases/template/view/RendererTest.php
Sync State Merge: /libraries/lithium/tests/cases/template/ViewTest.php
Sync State Merge: /libraries/lithium/tests/cases/test
Sync State Merge: /libraries/lithium/tests/cases/test/ControllerTest.php
Sync State Merge: /libraries/lithium/tests/cases/test/DispatcherTest.php
Sync State Merge: /libraries/lithium/tests/cases/test/filter
Sync State Merge: /libraries/lithium/tests/cases/test/filter/AffectedTest.php
Sync State Merge: /libraries/lithium/tests/cases/test/filter/ComplexityTest.php
Sync State Merge: /libraries/lithium/tests/cases/test/GroupTest.php
Sync State Merge: /libraries/lithium/tests/cases/test/IntegrationTest.php
Sync State Merge: /libraries/lithium/tests/cases/test/ReportTest.php
Sync State Merge: /libraries/lithium/tests/cases/test/UnitTest.php
Sync State Merge: /libraries/lithium/tests/cases/util
Sync State Merge: /libraries/lithium/tests/cases/util/collection
Sync State Merge: /libraries/lithium/tests/cases/util/collection/FiltersTest.php
Sync State Merge: /libraries/lithium/tests/cases/util/CollectionTest.php
Sync State Merge: /libraries/lithium/tests/cases/util/InflectorTest.php
Sync State Merge: /libraries/lithium/tests/cases/util/SetTest.php
Sync State Merge: /libraries/lithium/tests/cases/util/StringTest.php
Sync State Merge: /libraries/lithium/tests/cases/util/ValidatorTest.php
Sync State Merge: /libraries/lithium/tests/ci_depends.php
Sync State Merge: /libraries/lithium/tests/integration
Sync State Merge: /libraries/lithium/tests/integration/analysis
Sync State Merge: /libraries/lithium/tests/integration/analysis/LoggerTest.php
Sync State Merge: /libraries/lithium/tests/integration/data
Sync State Merge: /libraries/lithium/tests/integration/data/CrudTest.php
Sync State Merge: /libraries/lithium/tests/integration/data/DatabaseTest.php
Sync State Merge: /libraries/lithium/tests/integration/data/DocumentTest.php
Sync State Merge: /libraries/lithium/tests/integration/data/FieldsTest.php
Sync State Merge: /libraries/lithium/tests/integration/data/SourceTest.php
Sync State Merge: /libraries/lithium/tests/integration/g11n
Sync State Merge: /libraries/lithium/tests/integration/g11n/CatalogInflectorTest.php
Sync State Merge: /libraries/lithium/tests/integration/g11n/CatalogValidatorTest.php
Sync State Merge: /libraries/lithium/tests/integration/g11n/ResourcesMessageTest.php
Sync State Merge: /libraries/lithium/tests/integration/g11n/ResourcesValidatorTest.php
Sync State Merge: /libraries/lithium/tests/integration/net
Sync State Merge: /libraries/lithium/tests/integration/net/http
Sync State Merge: /libraries/lithium/tests/integration/net/http/MediaTest.php
Sync State Merge: /libraries/lithium/tests/integration/net/http/ServiceTest.php
Sync State Merge: /libraries/lithium/tests/integration/net/SocketTest.php
Sync State Merge: /libraries/lithium/tests/integration/storage
Sync State Merge: /libraries/lithium/tests/integration/storage/SessionTest.php
Sync State Merge: /libraries/lithium/tests/integration/test
Sync State Merge: /libraries/lithium/tests/integration/test/FilterTest.php
Sync State Merge: /libraries/lithium/tests/mocks
Sync State Merge: /libraries/lithium/tests/mocks/action
Sync State Merge: /libraries/lithium/tests/mocks/action/MockCgiRequest.php
Sync State Merge: /libraries/lithium/tests/mocks/action/MockControllerRequest.php
Sync State Merge: /libraries/lithium/tests/mocks/action/MockControllerResponse.php
Sync State Merge: /libraries/lithium/tests/mocks/action/MockDispatcher.php
Sync State Merge: /libraries/lithium/tests/mocks/action/MockIisRequest.php
Sync State Merge: /libraries/lithium/tests/mocks/action/MockMediaClass.php
Sync State Merge: /libraries/lithium/tests/mocks/action/MockNginxRequest.php
Sync State Merge: /libraries/lithium/tests/mocks/action/MockPostsController.php
Sync State Merge: /libraries/lithium/tests/mocks/action/MockRequestType.php
Sync State Merge: /libraries/lithium/tests/mocks/action/MockResponse.php
Sync State Merge: /libraries/lithium/tests/mocks/analysis
Sync State Merge: /libraries/lithium/tests/mocks/analysis/MockEmptyClass.php
Sync State Merge: /libraries/lithium/tests/mocks/analysis/MockLoggerAdapter.php
Sync State Merge: /libraries/lithium/tests/mocks/console
Sync State Merge: /libraries/lithium/tests/mocks/console/command
Sync State Merge: /libraries/lithium/tests/mocks/console/command/MockCommandHelp.php
Sync State Merge: /libraries/lithium/tests/mocks/console/command/MockCreate.php
Sync State Merge: /libraries/lithium/tests/mocks/console/command/MockLibraryService.php
Sync State Merge: /libraries/lithium/tests/mocks/console/MockCommand.php
Sync State Merge: /libraries/lithium/tests/mocks/console/MockDispatcherCommand.php
Sync State Merge: /libraries/lithium/tests/mocks/console/MockDispatcherRequest.php
Sync State Merge: /libraries/lithium/tests/mocks/console/MockResponse.php
Sync State Merge: /libraries/lithium/tests/mocks/core
Sync State Merge: /libraries/lithium/tests/mocks/core/MockAdapter.php
Sync State Merge: /libraries/lithium/tests/mocks/core/MockCallable.php
Sync State Merge: /libraries/lithium/tests/mocks/core/MockExposed.php
Sync State Merge: /libraries/lithium/tests/mocks/core/MockInstantiator.php
Sync State Merge: /libraries/lithium/tests/mocks/core/MockMethodFiltering.php
Sync State Merge: /libraries/lithium/tests/mocks/core/MockObjectConfiguration.php
Sync State Merge: /libraries/lithium/tests/mocks/core/MockObjectForParents.php
Sync State Merge: /libraries/lithium/tests/mocks/core/MockRequest.php
Sync State Merge: /libraries/lithium/tests/mocks/core/MockStaticFilteringExtended.php
Sync State Merge: /libraries/lithium/tests/mocks/core/MockStaticInstantiator.php
Sync State Merge: /libraries/lithium/tests/mocks/core/MockStaticMethodFiltering.php
Sync State Merge: /libraries/lithium/tests/mocks/core/MockStrategy.php
Sync State Merge: /libraries/lithium/tests/mocks/data
Sync State Merge: /libraries/lithium/tests/mocks/data/collection
Sync State Merge: /libraries/lithium/tests/mocks/data/collection/MockRecordSet.php
Sync State Merge: /libraries/lithium/tests/mocks/data/Companies.php
Sync State Merge: /libraries/lithium/tests/mocks/data/Employees.php
Sync State Merge: /libraries/lithium/tests/mocks/data/MockBase.php
Sync State Merge: /libraries/lithium/tests/mocks/data/MockComment.php
Sync State Merge: /libraries/lithium/tests/mocks/data/MockCompanies.php
Sync State Merge: /libraries/lithium/tests/mocks/data/MockCouchModel.php
Sync State Merge: /libraries/lithium/tests/mocks/data/MockCreator.php
Sync State Merge: /libraries/lithium/tests/mocks/data/MockEmployees.php
Sync State Merge: /libraries/lithium/tests/mocks/data/MockModel.php
Sync State Merge: /libraries/lithium/tests/mocks/data/MockPost.php
Sync State Merge: /libraries/lithium/tests/mocks/data/MockPostForValidates.php
Sync State Merge: /libraries/lithium/tests/mocks/data/MockPostObject.php
Sync State Merge: /libraries/lithium/tests/mocks/data/MockSource.php
Sync State Merge: /libraries/lithium/tests/mocks/data/MockTag.php
Sync State Merge: /libraries/lithium/tests/mocks/data/MockTagging.php
Sync State Merge: /libraries/lithium/tests/mocks/data/model
Sync State Merge: /libraries/lithium/tests/mocks/data/model/mock_database
Sync State Merge: /libraries/lithium/tests/mocks/data/model/mock_database/MockResult.php
Sync State Merge: /libraries/lithium/tests/mocks/data/model/MockDatabase.php
Sync State Merge: /libraries/lithium/tests/mocks/data/model/MockDatabaseComment.php
Sync State Merge: /libraries/lithium/tests/mocks/data/model/MockDatabasePost.php
Sync State Merge: /libraries/lithium/tests/mocks/data/model/MockDatabaseTag.php
Sync State Merge: /libraries/lithium/tests/mocks/data/model/MockDatabaseTagging.php
Sync State Merge: /libraries/lithium/tests/mocks/data/model/MockDocumentMultipleKey.php
Sync State Merge: /libraries/lithium/tests/mocks/data/model/MockDocumentPost.php
Sync State Merge: /libraries/lithium/tests/mocks/data/model/MockDocumentSource.php
Sync State Merge: /libraries/lithium/tests/mocks/data/model/MockQueryComment.php
Sync State Merge: /libraries/lithium/tests/mocks/data/model/MockQueryPost.php
Sync State Merge: /libraries/lithium/tests/mocks/data/source
Sync State Merge: /libraries/lithium/tests/mocks/data/source/database
Sync State Merge: /libraries/lithium/tests/mocks/data/source/database/adapter
Sync State Merge: /libraries/lithium/tests/mocks/data/source/database/adapter/MockAdapter.php
Sync State Merge: /libraries/lithium/tests/mocks/data/source/database/adapter/MockMySql.php
Sync State Merge: /libraries/lithium/tests/mocks/data/source/database/adapter/MockSqlite3.php
Sync State Merge: /libraries/lithium/tests/mocks/data/source/database/adapter/mysql_companies.sql
Sync State Merge: /libraries/lithium/tests/mocks/data/source/database/adapter/mysql_employees.sql
Sync State Merge: /libraries/lithium/tests/mocks/data/source/database/adapter/mysql_galleries.sql
Sync State Merge: /libraries/lithium/tests/mocks/data/source/database/adapter/mysql_images.sql
Sync State Merge: /libraries/lithium/tests/mocks/data/source/database/adapter/sqlite3_galleries.sql
Sync State Merge: /libraries/lithium/tests/mocks/data/source/database/adapter/sqlite3_images.sql
Sync State Merge: /libraries/lithium/tests/mocks/data/source/Galleries.php
Sync State Merge: /libraries/lithium/tests/mocks/data/source/http
Sync State Merge: /libraries/lithium/tests/mocks/data/source/http/adapter
Sync State Merge: /libraries/lithium/tests/mocks/data/source/http/adapter/MockCouchPost.php
Sync State Merge: /libraries/lithium/tests/mocks/data/source/http/adapter/MockSocket.php
Sync State Merge: /libraries/lithium/tests/mocks/data/source/Images.php
Sync State Merge: /libraries/lithium/tests/mocks/data/source/MockHttpModel.php
Sync State Merge: /libraries/lithium/tests/mocks/data/source/MockMongoConnection.php
Sync State Merge: /libraries/lithium/tests/mocks/data/source/MockMongoPost.php
Sync State Merge: /libraries/lithium/tests/mocks/data/source/MockMongoSource.php
Sync State Merge: /libraries/lithium/tests/mocks/data/source/mongo_db
Sync State Merge: /libraries/lithium/tests/mocks/data/source/mongo_db/MockResult.php
Sync State Merge: /libraries/lithium/tests/mocks/g11n
Sync State Merge: /libraries/lithium/tests/mocks/g11n/catalog
Sync State Merge: /libraries/lithium/tests/mocks/g11n/catalog/adapter
Sync State Merge: /libraries/lithium/tests/mocks/g11n/catalog/adapter/MockGettext.php
Sync State Merge: /libraries/lithium/tests/mocks/g11n/catalog/MockAdapter.php
Sync State Merge: /libraries/lithium/tests/mocks/g11n/multibyte
Sync State Merge: /libraries/lithium/tests/mocks/g11n/multibyte/adapter
Sync State Merge: /libraries/lithium/tests/mocks/g11n/multibyte/adapter/MockAdapter.php
Sync State Merge: /libraries/lithium/tests/mocks/net
Sync State Merge: /libraries/lithium/tests/mocks/net/http
Sync State Merge: /libraries/lithium/tests/mocks/net/http/MockSocket.php
Sync State Merge: /libraries/lithium/tests/mocks/net/http/Template.php
Sync State Merge: /libraries/lithium/tests/mocks/security
Sync State Merge: /libraries/lithium/tests/mocks/security/auth
Sync State Merge: /libraries/lithium/tests/mocks/security/auth/adapter
Sync State Merge: /libraries/lithium/tests/mocks/security/auth/adapter/MockAuthAdapter.php
Sync State Merge: /libraries/lithium/tests/mocks/security/auth/adapter/MockHttp.php
Sync State Merge: /libraries/lithium/tests/mocks/storage
Sync State Merge: /libraries/lithium/tests/mocks/storage/cache
Sync State Merge: /libraries/lithium/tests/mocks/storage/cache/strategy
Sync State Merge: /libraries/lithium/tests/mocks/storage/cache/strategy/MockConfigurizer.php
Sync State Merge: /libraries/lithium/tests/mocks/storage/cache/strategy/MockSerializer.php
Sync State Merge: /libraries/lithium/tests/mocks/storage/session
Sync State Merge: /libraries/lithium/tests/mocks/storage/session/adapter
Sync State Merge: /libraries/lithium/tests/mocks/storage/session/adapter/MockPhp.php
Sync State Merge: /libraries/lithium/tests/mocks/storage/session/adapter/SessionStorageConditional.php
Sync State Merge: /libraries/lithium/tests/mocks/storage/session/strategy
Sync State Merge: /libraries/lithium/tests/mocks/storage/session/strategy/MockCookieSession.php
Sync State Merge: /libraries/lithium/tests/mocks/storage/session/strategy/MockEncrypt.php
Sync State Merge: /libraries/lithium/tests/mocks/template
Sync State Merge: /libraries/lithium/tests/mocks/template/helper
Sync State Merge: /libraries/lithium/tests/mocks/template/helper/MockFormPost.php
Sync State Merge: /libraries/lithium/tests/mocks/template/helper/MockFormPostInfo.php
Sync State Merge: /libraries/lithium/tests/mocks/template/helper/MockFormRenderer.php
Sync State Merge: /libraries/lithium/tests/mocks/template/helper/MockHtmlRenderer.php
Sync State Merge: /libraries/lithium/tests/mocks/template/MockHelper.php
Sync State Merge: /libraries/lithium/tests/mocks/template/MockRenderer.php
Sync State Merge: /libraries/lithium/tests/mocks/template/MockView.php
Sync State Merge: /libraries/lithium/tests/mocks/template/view
Sync State Merge: /libraries/lithium/tests/mocks/template/view/adapters
Sync State Merge: /libraries/lithium/tests/mocks/template/view/adapters/testFile.html.php
Sync State Merge: /libraries/lithium/tests/mocks/template/view/adapters/testLayoutFile.html.php
Sync State Merge: /libraries/lithium/tests/mocks/template/view/adapters/TestRenderer.php
Sync State Merge: /libraries/lithium/tests/mocks/template/view/adapters/testTypeFile.view-integration-test.php
Sync State Merge: /libraries/lithium/tests/mocks/test
Sync State Merge: /libraries/lithium/tests/mocks/test/cases
Sync State Merge: /libraries/lithium/tests/mocks/test/cases/MockSkipThrowsException.php
Sync State Merge: /libraries/lithium/tests/mocks/test/cases/MockTest.php
Sync State Merge: /libraries/lithium/tests/mocks/test/cases/MockTestErrorHandling.php
Sync State Merge: /libraries/lithium/tests/mocks/test/MockFilterClass.php
Sync State Merge: /libraries/lithium/tests/mocks/test/MockFilterClassTest.php
Sync State Merge: /libraries/lithium/tests/mocks/test/MockIntegrationTest.php
Sync State Merge: /libraries/lithium/tests/mocks/test/MockUnitTest.php
Sync State Merge: /libraries/lithium/tests/mocks/util
Sync State Merge: /libraries/lithium/tests/mocks/util/MockCollectionMarker.php
Sync State Merge: /libraries/lithium/tests/mocks/util/MockCollectionObject.php
Sync State Merge: /libraries/lithium/tests/mocks/util/MockCollectionStringCast.php
Sync State Merge: /libraries/lithium/tests/mocks/util/MockFilters.php
Sync State Merge: /libraries/lithium/tests/mocks/util/MockStringObject.php
Sync State Merge: /libraries/lithium/tests/resources
Sync State Merge: /libraries/lithium/tests/resources/utf8_decoder_stress_test.txt
Sync State Merge: /libraries/lithium/util
Sync State Merge: /libraries/lithium/util/collection
Sync State Merge: /libraries/lithium/util/collection/Filters.php
Sync State Merge: /libraries/lithium/util/Collection.php
Sync State Merge: /libraries/lithium/util/Inflector.php
Sync State Merge: /libraries/lithium/util/Set.php
Sync State Merge: /libraries/lithium/util/String.php
Sync State Merge: /libraries/lithium/util/Validator.php
Sync State Merge: /README.md
Sync State Merge: /web.config
Save State File C:\Users\Eristoddle\Dropbox\wnmp\www\dir23-lithe\_gsdata_\_file_state_v4._gs
Save State File sftp://www.dir23.com/var/www/dir23-lithe/_gsdata_/_file_state_v4._gs
Items Synced OK: 830, Errors: 0
===== 6/6/2012 12:54:20 PM: Sync Completed. Time: 00:00:00, Speed: 96.0 KB/s =====

